{"level":"info","message":"post service running on port 3003","service":"media-service","timestamp":"2025-02-04T12:21:32.465Z"}
{"level":"info","message":"Connected to mongodb","service":"media-service","timestamp":"2025-02-04T12:21:34.710Z"}
{"level":"info","message":"post service running on port 3003","service":"media-service","timestamp":"2025-02-04T12:22:06.467Z"}
{"level":"info","message":"Connected to mongodb","service":"media-service","timestamp":"2025-02-04T12:22:07.638Z"}
{"level":"info","message":"Received POST request to /api/media/upload","service":"media-service","timestamp":"2025-02-04T12:33:09.942Z"}
{"level":"info","message":"Request body, [object Object]","service":"media-service","timestamp":"2025-02-04T12:33:09.943Z"}
{"level":"error","message":"Unknown error while uploading: Multipart: Boundary not found","service":"media-service","stack":"Error: Multipart: Boundary not found\n    at new Multipart (D:\\Node js PRO ACC\\Node-Advance\\Advance\\social-media-microservice\\media-service\\node_modules\\busboy\\lib\\types\\multipart.js:233:13)\n    at getInstance (D:\\Node js PRO ACC\\Node-Advance\\Advance\\social-media-microservice\\media-service\\node_modules\\busboy\\lib\\index.js:33:12)\n    at module.exports (D:\\Node js PRO ACC\\Node-Advance\\Advance\\social-media-microservice\\media-service\\node_modules\\busboy\\lib\\index.js:56:10)\n    at multerMiddleware (D:\\Node js PRO ACC\\Node-Advance\\Advance\\social-media-microservice\\media-service\\node_modules\\multer\\lib\\make-middleware.js:28:16)\n    at D:\\Node js PRO ACC\\Node-Advance\\Advance\\social-media-microservice\\media-service\\src\\routes\\media-routes.js:22:5\n    at Layer.handle [as handle_request] (D:\\Node js PRO ACC\\Node-Advance\\Advance\\social-media-microservice\\media-service\\node_modules\\express\\lib\\router\\layer.js:95:5)\n    at next (D:\\Node js PRO ACC\\Node-Advance\\Advance\\social-media-microservice\\media-service\\node_modules\\express\\lib\\router\\route.js:149:13)\n    at authenticationRequest (D:\\Node js PRO ACC\\Node-Advance\\Advance\\social-media-microservice\\media-service\\src\\middleware\\authMiddleware.js:13:3)\n    at Layer.handle [as handle_request] (D:\\Node js PRO ACC\\Node-Advance\\Advance\\social-media-microservice\\media-service\\node_modules\\express\\lib\\router\\layer.js:95:5)\n    at next (D:\\Node js PRO ACC\\Node-Advance\\Advance\\social-media-microservice\\media-service\\node_modules\\express\\lib\\router\\route.js:149:13)","timestamp":"2025-02-04T12:33:09.945Z"}
{"level":"info","message":"Received POST request to /api/media/upload","service":"media-service","timestamp":"2025-02-04T12:34:56.254Z"}
{"level":"info","message":"Request body, [object Object]","service":"media-service","timestamp":"2025-02-04T12:34:56.255Z"}
{"level":"error","message":"Unknown error while uploading: Unexpected end of form","service":"media-service","stack":"Error: Unexpected end of form\n    at Multipart._final (D:\\Node js PRO ACC\\Node-Advance\\Advance\\social-media-microservice\\media-service\\node_modules\\busboy\\lib\\types\\multipart.js:588:17)\n    at callFinal (node:internal/streams/writable:694:27)\n    at prefinish (node:internal/streams/writable:723:7)\n    at finishMaybe (node:internal/streams/writable:733:5)\n    at Multipart.Writable.end (node:internal/streams/writable:631:5)\n    at IncomingMessage.onend (node:internal/streams/readable:693:10)\n    at Object.onceWrapper (node:events:641:28)\n    at IncomingMessage.emit (node:events:539:35)\n    at endReadableNT (node:internal/streams/readable:1345:12)\n    at processTicksAndRejections (node:internal/process/task_queues:83:21)","storageErrors":[],"timestamp":"2025-02-04T12:34:56.259Z"}
{"level":"info","message":"post service running on port 3003","service":"media-service","timestamp":"2025-02-04T12:36:51.188Z"}
{"level":"info","message":"Connected to mongodb","service":"media-service","timestamp":"2025-02-04T12:36:53.244Z"}
{"level":"info","message":"Received POST request to /api/media/upload","service":"media-service","timestamp":"2025-02-04T12:37:46.107Z"}
{"level":"info","message":"Request body, [object Object]","service":"media-service","timestamp":"2025-02-04T12:37:46.108Z"}
{"level":"error","message":"Unknown error while uploading: Unexpected end of form","service":"media-service","stack":"Error: Unexpected end of form\n    at Multipart._final (D:\\Node js PRO ACC\\Node-Advance\\Advance\\social-media-microservice\\media-service\\node_modules\\busboy\\lib\\types\\multipart.js:588:17)\n    at callFinal (node:internal/streams/writable:694:27)\n    at prefinish (node:internal/streams/writable:723:7)\n    at finishMaybe (node:internal/streams/writable:733:5)\n    at Multipart.Writable.end (node:internal/streams/writable:631:5)\n    at IncomingMessage.onend (node:internal/streams/readable:693:10)\n    at Object.onceWrapper (node:events:641:28)\n    at IncomingMessage.emit (node:events:539:35)\n    at endReadableNT (node:internal/streams/readable:1345:12)\n    at processTicksAndRejections (node:internal/process/task_queues:83:21)","storageErrors":[],"timestamp":"2025-02-04T12:37:46.114Z"}
{"level":"info","message":"post service running on port 3003","service":"media-service","timestamp":"2025-02-04T12:43:57.667Z"}
{"level":"info","message":"Connected to mongodb","service":"media-service","timestamp":"2025-02-04T12:43:59.350Z"}
{"level":"info","message":"Received POST request to /api/media/upload","service":"media-service","timestamp":"2025-02-04T12:44:04.417Z"}
{"level":"info","message":"Request body, [object Object]","service":"media-service","timestamp":"2025-02-04T12:44:04.418Z"}
{"level":"error","message":"Unknown error while uploading: Unexpected end of form","service":"media-service","stack":"Error: Unexpected end of form\n    at Multipart._final (D:\\Node js PRO ACC\\Node-Advance\\Advance\\social-media-microservice\\media-service\\node_modules\\busboy\\lib\\types\\multipart.js:588:17)\n    at callFinal (node:internal/streams/writable:694:27)\n    at prefinish (node:internal/streams/writable:723:7)\n    at finishMaybe (node:internal/streams/writable:733:5)\n    at Multipart.Writable.end (node:internal/streams/writable:631:5)\n    at IncomingMessage.onend (node:internal/streams/readable:693:10)\n    at Object.onceWrapper (node:events:641:28)\n    at IncomingMessage.emit (node:events:539:35)\n    at endReadableNT (node:internal/streams/readable:1345:12)\n    at processTicksAndRejections (node:internal/process/task_queues:83:21)","storageErrors":[],"timestamp":"2025-02-04T12:44:04.422Z"}
{"level":"info","message":"Received POST request to /api/media/upload","service":"media-service","timestamp":"2025-02-04T12:46:24.410Z"}
{"level":"info","message":"Request body, [object Object]","service":"media-service","timestamp":"2025-02-04T12:46:24.411Z"}
{"level":"error","message":"Unknown error while uploading: Unexpected end of form","service":"media-service","stack":"Error: Unexpected end of form\n    at Multipart._final (D:\\Node js PRO ACC\\Node-Advance\\Advance\\social-media-microservice\\media-service\\node_modules\\busboy\\lib\\types\\multipart.js:588:17)\n    at callFinal (node:internal/streams/writable:694:27)\n    at prefinish (node:internal/streams/writable:723:7)\n    at finishMaybe (node:internal/streams/writable:733:5)\n    at Multipart.Writable.end (node:internal/streams/writable:631:5)\n    at IncomingMessage.onend (node:internal/streams/readable:693:10)\n    at Object.onceWrapper (node:events:641:28)\n    at IncomingMessage.emit (node:events:539:35)\n    at endReadableNT (node:internal/streams/readable:1345:12)\n    at processTicksAndRejections (node:internal/process/task_queues:83:21)","storageErrors":[],"timestamp":"2025-02-04T12:46:24.413Z"}
{"level":"info","message":"post service running on port 3003","service":"media-service","timestamp":"2025-02-04T12:46:40.565Z"}
{"level":"info","message":"Connected to mongodb","service":"media-service","timestamp":"2025-02-04T12:46:42.557Z"}
{"level":"info","message":"Received POST request to /api/media/upload","service":"media-service","timestamp":"2025-02-04T12:46:45.866Z"}
{"level":"info","message":"Request body, [object Object]","service":"media-service","timestamp":"2025-02-04T12:46:45.867Z"}
{"level":"error","message":"Unknown error while uploading: Unexpected end of form","service":"media-service","stack":"Error: Unexpected end of form\n    at Multipart._final (D:\\Node js PRO ACC\\Node-Advance\\Advance\\social-media-microservice\\media-service\\node_modules\\busboy\\lib\\types\\multipart.js:588:17)\n    at callFinal (node:internal/streams/writable:694:27)\n    at prefinish (node:internal/streams/writable:723:7)\n    at finishMaybe (node:internal/streams/writable:733:5)\n    at Multipart.Writable.end (node:internal/streams/writable:631:5)\n    at IncomingMessage.onend (node:internal/streams/readable:693:10)\n    at Object.onceWrapper (node:events:641:28)\n    at IncomingMessage.emit (node:events:539:35)\n    at endReadableNT (node:internal/streams/readable:1345:12)\n    at processTicksAndRejections (node:internal/process/task_queues:83:21)","storageErrors":[],"timestamp":"2025-02-04T12:46:45.874Z"}
{"level":"info","message":"Received POST request to /api/media/upload","service":"media-service","timestamp":"2025-02-04T12:47:14.155Z"}
{"level":"info","message":"Request body, [object Object]","service":"media-service","timestamp":"2025-02-04T12:47:14.155Z"}
{"level":"error","message":"Unknown error while uploading: Unexpected end of form","service":"media-service","stack":"Error: Unexpected end of form\n    at Multipart._final (D:\\Node js PRO ACC\\Node-Advance\\Advance\\social-media-microservice\\media-service\\node_modules\\busboy\\lib\\types\\multipart.js:588:17)\n    at callFinal (node:internal/streams/writable:694:27)\n    at prefinish (node:internal/streams/writable:723:7)\n    at finishMaybe (node:internal/streams/writable:733:5)\n    at Multipart.Writable.end (node:internal/streams/writable:631:5)\n    at IncomingMessage.onend (node:internal/streams/readable:693:10)\n    at Object.onceWrapper (node:events:641:28)\n    at IncomingMessage.emit (node:events:539:35)\n    at endReadableNT (node:internal/streams/readable:1345:12)\n    at processTicksAndRejections (node:internal/process/task_queues:83:21)","storageErrors":[],"timestamp":"2025-02-04T12:47:14.157Z"}
{"level":"info","message":"post service running on port 3003","service":"media-service","timestamp":"2025-02-04T13:06:33.428Z"}
{"level":"info","message":"Connected to mongodb","service":"media-service","timestamp":"2025-02-04T13:06:35.215Z"}
{"level":"info","message":"Received POST request to /api/media/upload","service":"media-service","timestamp":"2025-02-04T13:06:36.963Z"}
{"level":"info","message":"Request body, [object Object]","service":"media-service","timestamp":"2025-02-04T13:06:36.964Z"}
{"level":"error","message":"Unknown error while uploading: Unexpected end of form","service":"media-service","stack":"Error: Unexpected end of form\n    at Multipart._final (D:\\Node js PRO ACC\\Node-Advance\\Advance\\social-media-microservice\\media-service\\node_modules\\busboy\\lib\\types\\multipart.js:588:17)\n    at callFinal (node:internal/streams/writable:694:27)\n    at prefinish (node:internal/streams/writable:723:7)\n    at finishMaybe (node:internal/streams/writable:733:5)\n    at Multipart.Writable.end (node:internal/streams/writable:631:5)\n    at IncomingMessage.onend (node:internal/streams/readable:693:10)\n    at Object.onceWrapper (node:events:641:28)\n    at IncomingMessage.emit (node:events:539:35)\n    at endReadableNT (node:internal/streams/readable:1345:12)\n    at processTicksAndRejections (node:internal/process/task_queues:83:21)","storageErrors":[],"timestamp":"2025-02-04T13:06:36.969Z"}
{"level":"info","message":"Received POST request to /api/media/upload","service":"media-service","timestamp":"2025-02-04T13:07:19.789Z"}
{"level":"info","message":"Request body, [object Object]","service":"media-service","timestamp":"2025-02-04T13:07:19.790Z"}
{"level":"error","message":"Unknown error while uploading: Unexpected end of form","service":"media-service","stack":"Error: Unexpected end of form\n    at Multipart._final (D:\\Node js PRO ACC\\Node-Advance\\Advance\\social-media-microservice\\media-service\\node_modules\\busboy\\lib\\types\\multipart.js:588:17)\n    at callFinal (node:internal/streams/writable:694:27)\n    at prefinish (node:internal/streams/writable:723:7)\n    at finishMaybe (node:internal/streams/writable:733:5)\n    at Multipart.Writable.end (node:internal/streams/writable:631:5)\n    at IncomingMessage.onend (node:internal/streams/readable:693:10)\n    at Object.onceWrapper (node:events:641:28)\n    at IncomingMessage.emit (node:events:539:35)\n    at endReadableNT (node:internal/streams/readable:1345:12)\n    at processTicksAndRejections (node:internal/process/task_queues:83:21)","storageErrors":[],"timestamp":"2025-02-04T13:07:19.791Z"}
{"level":"info","message":"Received POST request to /api/media/upload","service":"media-service","timestamp":"2025-02-04T13:08:46.113Z"}
{"level":"info","message":"Request body, [object Object]","service":"media-service","timestamp":"2025-02-04T13:08:46.114Z"}
{"level":"error","message":"Unknown error while uploading: Unexpected end of form","service":"media-service","stack":"Error: Unexpected end of form\n    at Multipart._final (D:\\Node js PRO ACC\\Node-Advance\\Advance\\social-media-microservice\\media-service\\node_modules\\busboy\\lib\\types\\multipart.js:588:17)\n    at callFinal (node:internal/streams/writable:694:27)\n    at prefinish (node:internal/streams/writable:723:7)\n    at finishMaybe (node:internal/streams/writable:733:5)\n    at Multipart.Writable.end (node:internal/streams/writable:631:5)\n    at IncomingMessage.onend (node:internal/streams/readable:693:10)\n    at Object.onceWrapper (node:events:641:28)\n    at IncomingMessage.emit (node:events:539:35)\n    at endReadableNT (node:internal/streams/readable:1345:12)\n    at processTicksAndRejections (node:internal/process/task_queues:83:21)","storageErrors":[],"timestamp":"2025-02-04T13:08:46.115Z"}
{"level":"info","message":"Received POST request to /api/media/upload","service":"media-service","timestamp":"2025-02-04T13:09:13.597Z"}
{"level":"info","message":"Request body, [object Object]","service":"media-service","timestamp":"2025-02-04T13:09:13.598Z"}
{"level":"error","message":"Unknown error while uploading: Unexpected end of form","service":"media-service","stack":"Error: Unexpected end of form\n    at Multipart._final (D:\\Node js PRO ACC\\Node-Advance\\Advance\\social-media-microservice\\media-service\\node_modules\\busboy\\lib\\types\\multipart.js:588:17)\n    at callFinal (node:internal/streams/writable:694:27)\n    at prefinish (node:internal/streams/writable:723:7)\n    at finishMaybe (node:internal/streams/writable:733:5)\n    at Multipart.Writable.end (node:internal/streams/writable:631:5)\n    at IncomingMessage.onend (node:internal/streams/readable:693:10)\n    at Object.onceWrapper (node:events:641:28)\n    at IncomingMessage.emit (node:events:539:35)\n    at endReadableNT (node:internal/streams/readable:1345:12)\n    at processTicksAndRejections (node:internal/process/task_queues:83:21)","storageErrors":[],"timestamp":"2025-02-04T13:09:13.599Z"}
{"level":"info","message":"Received POST request to /api/media/upload","service":"media-service","timestamp":"2025-02-04T13:11:27.136Z"}
{"level":"info","message":"Request body, [object Object]","service":"media-service","timestamp":"2025-02-04T13:11:27.137Z"}
{"level":"error","message":"Unknown error while uploading: Unexpected end of form","service":"media-service","stack":"Error: Unexpected end of form\n    at Multipart._final (D:\\Node js PRO ACC\\Node-Advance\\Advance\\social-media-microservice\\media-service\\node_modules\\busboy\\lib\\types\\multipart.js:588:17)\n    at callFinal (node:internal/streams/writable:694:27)\n    at prefinish (node:internal/streams/writable:723:7)\n    at finishMaybe (node:internal/streams/writable:733:5)\n    at Multipart.Writable.end (node:internal/streams/writable:631:5)\n    at IncomingMessage.onend (node:internal/streams/readable:693:10)\n    at Object.onceWrapper (node:events:641:28)\n    at IncomingMessage.emit (node:events:539:35)\n    at endReadableNT (node:internal/streams/readable:1345:12)\n    at processTicksAndRejections (node:internal/process/task_queues:83:21)","storageErrors":[],"timestamp":"2025-02-04T13:11:27.139Z"}
{"level":"info","message":"post service running on port 3003","service":"media-service","timestamp":"2025-02-04T13:14:29.026Z"}
{"level":"info","message":"Connected to mongodb","service":"media-service","timestamp":"2025-02-04T13:14:30.925Z"}
{"level":"info","message":"post service running on port 3003","service":"media-service","timestamp":"2025-02-04T13:14:52.004Z"}
{"level":"info","message":"Connected to mongodb","service":"media-service","timestamp":"2025-02-04T13:14:53.190Z"}
{"level":"info","message":"Received POST request to /api/media/upload","service":"media-service","timestamp":"2025-02-04T13:14:56.596Z"}
{"level":"info","message":"Request body, [object Object]","service":"media-service","timestamp":"2025-02-04T13:14:56.597Z"}
{"level":"info","message":"post service running on port 3003","service":"media-service","timestamp":"2025-02-04T13:15:29.297Z"}
{"level":"info","message":"Connected to mongodb","service":"media-service","timestamp":"2025-02-04T13:15:30.900Z"}
{"level":"info","message":"Received POST request to /api/media/upload","service":"media-service","timestamp":"2025-02-04T13:15:32.156Z"}
{"level":"info","message":"Request body, [object Object]","service":"media-service","timestamp":"2025-02-04T13:15:32.157Z"}
{"level":"info","message":"Received POST request to /api/media/upload","service":"media-service","timestamp":"2025-02-04T13:15:43.406Z"}
{"level":"info","message":"Request body, [object Object]","service":"media-service","timestamp":"2025-02-04T13:15:43.406Z"}
{"level":"info","message":"post service running on port 3003","service":"media-service","timestamp":"2025-02-04T13:16:19.550Z"}
{"level":"info","message":"Connected to mongodb","service":"media-service","timestamp":"2025-02-04T13:16:20.903Z"}
{"level":"info","message":"Received POST request to /api/media/upload","service":"media-service","timestamp":"2025-02-04T13:16:23.262Z"}
{"level":"info","message":"Request body, [object Object]","service":"media-service","timestamp":"2025-02-04T13:16:23.263Z"}
{"level":"info","message":"post service running on port 3003","service":"media-service","timestamp":"2025-02-04T13:17:36.882Z"}
{"level":"info","message":"Connected to mongodb","service":"media-service","timestamp":"2025-02-04T13:17:42.927Z"}
{"level":"info","message":"Received POST request to /api/media/upload","service":"media-service","timestamp":"2025-02-04T13:17:45.648Z"}
{"level":"info","message":"Request body, [object Object]","service":"media-service","timestamp":"2025-02-04T13:17:45.649Z"}
{"level":"info","message":"Received POST request to /api/media/upload","service":"media-service","timestamp":"2025-02-04T13:19:13.866Z"}
{"level":"info","message":"Request body, [object Object]","service":"media-service","timestamp":"2025-02-04T13:19:13.867Z"}
{"level":"info","message":"post service running on port 3003","service":"media-service","timestamp":"2025-02-04T13:19:28.248Z"}
{"level":"info","message":"Connected to mongodb","service":"media-service","timestamp":"2025-02-04T13:19:30.195Z"}
{"level":"info","message":"Received POST request to /api/media/upload","service":"media-service","timestamp":"2025-02-04T13:19:31.943Z"}
{"level":"info","message":"Request body, [object Object]","service":"media-service","timestamp":"2025-02-04T13:19:31.944Z"}
{"level":"info","message":"Contrpller upload Media hit","service":"media-service","timestamp":"2025-02-04T13:19:31.949Z"}
{"level":"warn","message":"File does not exist for upload","service":"media-service","timestamp":"2025-02-04T13:19:31.949Z"}
{"level":"error","message":"Error uploading media  req.status is not a function","service":"media-service","stack":"TypeError: req.status is not a function\n    at uploadMedia (D:\\Node js PRO ACC\\Node-Advance\\Advance\\social-media-microservice\\media-service\\src\\controllers\\media-controller.js:11:24)\n    at Layer.handle [as handle_request] (D:\\Node js PRO ACC\\Node-Advance\\Advance\\social-media-microservice\\media-service\\node_modules\\express\\lib\\router\\layer.js:95:5)\n    at next (D:\\Node js PRO ACC\\Node-Advance\\Advance\\social-media-microservice\\media-service\\node_modules\\express\\lib\\router\\route.js:149:13)\n    at D:\\Node js PRO ACC\\Node-Advance\\Advance\\social-media-microservice\\media-service\\src\\routes\\media-routes.js:45:7\n    at Immediate._onImmediate (D:\\Node js PRO ACC\\Node-Advance\\Advance\\social-media-microservice\\media-service\\node_modules\\multer\\lib\\make-middleware.js:53:37)\n    at processImmediate (node:internal/timers:468:21)","timestamp":"2025-02-04T13:19:31.950Z"}
{"level":"info","message":"post service running on port 3003","service":"media-service","timestamp":"2025-02-04T13:19:52.071Z"}
{"level":"info","message":"Connected to mongodb","service":"media-service","timestamp":"2025-02-04T13:19:53.234Z"}
{"level":"info","message":"Received POST request to /api/media/upload","service":"media-service","timestamp":"2025-02-04T13:19:56.360Z"}
{"level":"info","message":"Request body, [object Object]","service":"media-service","timestamp":"2025-02-04T13:19:56.361Z"}
{"level":"info","message":"post service running on port 3003","service":"media-service","timestamp":"2025-02-04T13:20:10.682Z"}
{"level":"info","message":"Connected to mongodb","service":"media-service","timestamp":"2025-02-04T13:20:11.843Z"}
{"level":"info","message":"post service running on port 3003","service":"media-service","timestamp":"2025-02-04T13:21:26.187Z"}
{"level":"info","message":"post service running on port 3003","service":"media-service","timestamp":"2025-02-04T13:21:57.386Z"}
{"level":"info","message":"Connected to mongodb","service":"media-service","timestamp":"2025-02-04T13:21:58.848Z"}
{"level":"info","message":"Received POST request to /api/media/upload","service":"media-service","timestamp":"2025-02-04T13:22:00.110Z"}
{"level":"info","message":"Request body, [object Object]","service":"media-service","timestamp":"2025-02-04T13:22:00.111Z"}
{"level":"error","message":"Unknown error while uploading: Unexpected end of form","service":"media-service","stack":"Error: Unexpected end of form\n    at Multipart._final (D:\\Node js PRO ACC\\Node-Advance\\Advance\\social-media-microservice\\media-service\\node_modules\\busboy\\lib\\types\\multipart.js:588:17)\n    at callFinal (node:internal/streams/writable:694:27)\n    at prefinish (node:internal/streams/writable:723:7)\n    at finishMaybe (node:internal/streams/writable:733:5)\n    at Multipart.Writable.end (node:internal/streams/writable:631:5)\n    at IncomingMessage.onend (node:internal/streams/readable:693:10)\n    at Object.onceWrapper (node:events:641:28)\n    at IncomingMessage.emit (node:events:539:35)\n    at endReadableNT (node:internal/streams/readable:1345:12)\n    at processTicksAndRejections (node:internal/process/task_queues:83:21)","storageErrors":[],"timestamp":"2025-02-04T13:22:00.116Z"}
{"level":"info","message":"Received POST request to /api/media/upload","service":"media-service","timestamp":"2025-02-04T13:22:17.940Z"}
{"level":"info","message":"Request body, [object Object]","service":"media-service","timestamp":"2025-02-04T13:22:17.941Z"}
{"level":"error","message":"Unknown error while uploading: Unexpected end of form","service":"media-service","stack":"Error: Unexpected end of form\n    at Multipart._final (D:\\Node js PRO ACC\\Node-Advance\\Advance\\social-media-microservice\\media-service\\node_modules\\busboy\\lib\\types\\multipart.js:588:17)\n    at callFinal (node:internal/streams/writable:694:27)\n    at prefinish (node:internal/streams/writable:723:7)\n    at finishMaybe (node:internal/streams/writable:733:5)\n    at Multipart.Writable.end (node:internal/streams/writable:631:5)\n    at IncomingMessage.onend (node:internal/streams/readable:693:10)\n    at Object.onceWrapper (node:events:641:28)\n    at IncomingMessage.emit (node:events:539:35)\n    at endReadableNT (node:internal/streams/readable:1345:12)\n    at processTicksAndRejections (node:internal/process/task_queues:83:21)","storageErrors":[],"timestamp":"2025-02-04T13:22:17.942Z"}
{"level":"info","message":"post service running on port 3003","service":"media-service","timestamp":"2025-02-04T13:28:11.234Z"}
{"level":"info","message":"Connected to mongodb","service":"media-service","timestamp":"2025-02-04T13:28:14.081Z"}
{"level":"info","message":"Received POST request to /api/media/upload","service":"media-service","timestamp":"2025-02-04T13:28:23.199Z"}
{"level":"info","message":"Request body, [object Object]","service":"media-service","timestamp":"2025-02-04T13:28:23.200Z"}
{"level":"error","message":"Unknown error occured while uploading: Unexpected end of form","service":"media-service","stack":"Error: Unexpected end of form\n    at Multipart._final (D:\\Node js PRO ACC\\Node-Advance\\Advance\\social-media-microservice\\media-service\\node_modules\\busboy\\lib\\types\\multipart.js:588:17)\n    at callFinal (node:internal/streams/writable:694:27)\n    at prefinish (node:internal/streams/writable:723:7)\n    at finishMaybe (node:internal/streams/writable:733:5)\n    at Multipart.Writable.end (node:internal/streams/writable:631:5)\n    at IncomingMessage.onend (node:internal/streams/readable:693:10)\n    at Object.onceWrapper (node:events:641:28)\n    at IncomingMessage.emit (node:events:539:35)\n    at endReadableNT (node:internal/streams/readable:1345:12)\n    at processTicksAndRejections (node:internal/process/task_queues:83:21)","storageErrors":[],"timestamp":"2025-02-04T13:28:23.206Z"}
{"level":"info","message":"post service running on port 3003","service":"media-service","timestamp":"2025-02-04T13:31:44.141Z"}
{"level":"info","message":"Connected to mongodb","service":"media-service","timestamp":"2025-02-04T13:31:46.118Z"}
{"level":"info","message":"Received POST request to /api/media/upload","service":"media-service","timestamp":"2025-02-04T13:31:55.078Z"}
{"level":"info","message":"Request body, [object Object]","service":"media-service","timestamp":"2025-02-04T13:31:55.078Z"}
{"level":"info","message":"Contrpller upload Media hit","service":"media-service","timestamp":"2025-02-04T13:31:55.087Z"}
{"0":"i","1":"m","2":"a","3":"g","4":"e","5":"/","6":"p","7":"n","8":"g","level":"info","message":"File detail","service":"media-service","timestamp":"2025-02-04T13:31:55.087Z"}
{"_message":"Media validation failed","errors":{"mimetype":{"kind":"required","message":"Path `mimetype` is required.","name":"ValidatorError","path":"mimetype","properties":{"message":"Path `mimetype` is required.","path":"mimetype","type":"required"}},"orignalName":{"kind":"required","message":"Path `orignalName` is required.","name":"ValidatorError","path":"orignalName","properties":{"message":"Path `orignalName` is required.","path":"orignalName","type":"required"}},"userId":{"kind":"required","message":"Path `userId` is required.","name":"ValidatorError","path":"userId","properties":{"message":"Path `userId` is required.","path":"userId","type":"required"}}},"level":"error","message":"Error uploading media  Media validation failed: userId: Path `userId` is required., mimetype: Path `mimetype` is required., orignalName: Path `orignalName` is required.","service":"media-service","stack":"ValidationError: Media validation failed: userId: Path `userId` is required., mimetype: Path `mimetype` is required., orignalName: Path `orignalName` is required.\n    at model.Document.invalidate (D:\\Node js PRO ACC\\Node-Advance\\Advance\\social-media-microservice\\media-service\\node_modules\\mongoose\\lib\\document.js:3334:32)\n    at D:\\Node js PRO ACC\\Node-Advance\\Advance\\social-media-microservice\\media-service\\node_modules\\mongoose\\lib\\document.js:3095:17\n    at D:\\Node js PRO ACC\\Node-Advance\\Advance\\social-media-microservice\\media-service\\node_modules\\mongoose\\lib\\schemaType.js:1407:9\n    at processTicksAndRejections (node:internal/process/task_queues:78:11)","timestamp":"2025-02-04T13:31:58.711Z"}
{"level":"info","message":"post service running on port 3003","service":"media-service","timestamp":"2025-02-04T13:37:20.504Z"}
{"level":"info","message":"Connected to mongodb","service":"media-service","timestamp":"2025-02-04T13:37:22.052Z"}
{"level":"info","message":"Received POST request to /api/media/upload","service":"media-service","timestamp":"2025-02-04T13:37:24.134Z"}
{"level":"info","message":"Request body, [object Object]","service":"media-service","timestamp":"2025-02-04T13:37:24.135Z"}
{"level":"info","message":"Controller upload Media hit","service":"media-service","timestamp":"2025-02-04T13:37:24.142Z"}
{"level":"error","message":"Error uploading media  mimeType is not defined","service":"media-service","stack":"ReferenceError: mimeType is not defined\n    at uploadMedia (D:\\Node js PRO ACC\\Node-Advance\\Advance\\social-media-microservice\\media-service\\src\\controllers\\media-controller.js:18:51)\n    at Layer.handle [as handle_request] (D:\\Node js PRO ACC\\Node-Advance\\Advance\\social-media-microservice\\media-service\\node_modules\\express\\lib\\router\\layer.js:95:5)\n    at next (D:\\Node js PRO ACC\\Node-Advance\\Advance\\social-media-microservice\\media-service\\node_modules\\express\\lib\\router\\route.js:149:13)\n    at D:\\Node js PRO ACC\\Node-Advance\\Advance\\social-media-microservice\\media-service\\src\\routes\\media-routes.js:47:7\n    at done (D:\\Node js PRO ACC\\Node-Advance\\Advance\\social-media-microservice\\media-service\\node_modules\\multer\\lib\\make-middleware.js:45:7)\n    at indicateDone (D:\\Node js PRO ACC\\Node-Advance\\Advance\\social-media-microservice\\media-service\\node_modules\\multer\\lib\\make-middleware.js:49:68)\n    at Multipart.<anonymous> (D:\\Node js PRO ACC\\Node-Advance\\Advance\\social-media-microservice\\media-service\\node_modules\\multer\\lib\\make-middleware.js:166:7)\n    at Multipart.emit (node:events:527:28)\n    at emitCloseNT (node:internal/streams/destroy:138:10)\n    at processTicksAndRejections (node:internal/process/task_queues:82:21)","timestamp":"2025-02-04T13:37:24.144Z"}
{"level":"info","message":"post service running on port 3003","service":"media-service","timestamp":"2025-02-04T13:37:42.366Z"}
{"level":"info","message":"Connected to mongodb","service":"media-service","timestamp":"2025-02-04T13:37:43.543Z"}
{"level":"info","message":"Received POST request to /api/media/upload","service":"media-service","timestamp":"2025-02-04T13:37:45.232Z"}
{"level":"info","message":"Request body, [object Object]","service":"media-service","timestamp":"2025-02-04T13:37:45.233Z"}
{"level":"info","message":"Controller upload Media hit","service":"media-service","timestamp":"2025-02-04T13:37:45.242Z"}
{"level":"info","message":"File detail undefined image/png ","service":"media-service","timestamp":"2025-02-04T13:37:45.242Z"}
{"_message":"Media validation failed","errors":{"mimetype":{"kind":"required","message":"Path `mimetype` is required.","name":"ValidatorError","path":"mimetype","properties":{"message":"Path `mimetype` is required.","path":"mimetype","type":"required"}},"orignalName":{"kind":"required","message":"Path `orignalName` is required.","name":"ValidatorError","path":"orignalName","properties":{"message":"Path `orignalName` is required.","path":"orignalName","type":"required"}},"userId":{"kind":"required","message":"Path `userId` is required.","name":"ValidatorError","path":"userId","properties":{"message":"Path `userId` is required.","path":"userId","type":"required"}}},"level":"error","message":"Error uploading media  Media validation failed: userId: Path `userId` is required., mimetype: Path `mimetype` is required., orignalName: Path `orignalName` is required.","service":"media-service","stack":"ValidationError: Media validation failed: userId: Path `userId` is required., mimetype: Path `mimetype` is required., orignalName: Path `orignalName` is required.\n    at model.Document.invalidate (D:\\Node js PRO ACC\\Node-Advance\\Advance\\social-media-microservice\\media-service\\node_modules\\mongoose\\lib\\document.js:3334:32)\n    at D:\\Node js PRO ACC\\Node-Advance\\Advance\\social-media-microservice\\media-service\\node_modules\\mongoose\\lib\\document.js:3095:17\n    at D:\\Node js PRO ACC\\Node-Advance\\Advance\\social-media-microservice\\media-service\\node_modules\\mongoose\\lib\\schemaType.js:1407:9\n    at processTicksAndRejections (node:internal/process/task_queues:78:11)","timestamp":"2025-02-04T13:37:47.867Z"}
{"level":"info","message":"post service running on port 3003","service":"media-service","timestamp":"2025-02-04T13:38:59.097Z"}
{"level":"info","message":"Connected to mongodb","service":"media-service","timestamp":"2025-02-04T13:39:01.104Z"}
{"level":"info","message":"Received POST request to /api/media/upload","service":"media-service","timestamp":"2025-02-04T13:39:05.118Z"}
{"level":"info","message":"Request body, [object Object]","service":"media-service","timestamp":"2025-02-04T13:39:05.119Z"}
{"level":"info","message":"Controller upload Media hit","service":"media-service","timestamp":"2025-02-04T13:39:05.126Z"}
{"level":"info","message":"File detail Screenshot 2024-08-24 160649.png image/png ","service":"media-service","timestamp":"2025-02-04T13:39:05.127Z"}
{"_message":"Media validation failed","errors":{"mimetype":{"kind":"required","message":"Path `mimetype` is required.","name":"ValidatorError","path":"mimetype","properties":{"message":"Path `mimetype` is required.","path":"mimetype","type":"required"}},"userId":{"kind":"required","message":"Path `userId` is required.","name":"ValidatorError","path":"userId","properties":{"message":"Path `userId` is required.","path":"userId","type":"required"}}},"level":"error","message":"Error uploading media  Media validation failed: userId: Path `userId` is required., mimetype: Path `mimetype` is required.","service":"media-service","stack":"ValidationError: Media validation failed: userId: Path `userId` is required., mimetype: Path `mimetype` is required.\n    at model.Document.invalidate (D:\\Node js PRO ACC\\Node-Advance\\Advance\\social-media-microservice\\media-service\\node_modules\\mongoose\\lib\\document.js:3334:32)\n    at D:\\Node js PRO ACC\\Node-Advance\\Advance\\social-media-microservice\\media-service\\node_modules\\mongoose\\lib\\document.js:3095:17\n    at D:\\Node js PRO ACC\\Node-Advance\\Advance\\social-media-microservice\\media-service\\node_modules\\mongoose\\lib\\schemaType.js:1407:9\n    at processTicksAndRejections (node:internal/process/task_queues:78:11)","timestamp":"2025-02-04T13:39:07.743Z"}
{"level":"info","message":"post service running on port 3003","service":"media-service","timestamp":"2025-02-04T13:39:20.442Z"}
{"level":"info","message":"Connected to mongodb","service":"media-service","timestamp":"2025-02-04T13:39:26.327Z"}
{"level":"info","message":"Received POST request to /api/media/upload","service":"media-service","timestamp":"2025-02-04T13:39:27.388Z"}
{"level":"info","message":"Request body, [object Object]","service":"media-service","timestamp":"2025-02-04T13:39:27.389Z"}
{"level":"info","message":"Controller upload Media hit","service":"media-service","timestamp":"2025-02-04T13:39:27.397Z"}
{"level":"info","message":"File detail Screenshot 2024-08-24 160649.png image/png ","service":"media-service","timestamp":"2025-02-04T13:39:27.397Z"}
{"_message":"Media validation failed","errors":{"mimetype":{"kind":"required","message":"Path `mimetype` is required.","name":"ValidatorError","path":"mimetype","properties":{"message":"Path `mimetype` is required.","path":"mimetype","type":"required"}},"userId":{"kind":"required","message":"Path `userId` is required.","name":"ValidatorError","path":"userId","properties":{"message":"Path `userId` is required.","path":"userId","type":"required"}}},"level":"error","message":"Error uploading media  Media validation failed: userId: Path `userId` is required., mimetype: Path `mimetype` is required.","service":"media-service","stack":"ValidationError: Media validation failed: userId: Path `userId` is required., mimetype: Path `mimetype` is required.\n    at model.Document.invalidate (D:\\Node js PRO ACC\\Node-Advance\\Advance\\social-media-microservice\\media-service\\node_modules\\mongoose\\lib\\document.js:3334:32)\n    at D:\\Node js PRO ACC\\Node-Advance\\Advance\\social-media-microservice\\media-service\\node_modules\\mongoose\\lib\\document.js:3095:17\n    at D:\\Node js PRO ACC\\Node-Advance\\Advance\\social-media-microservice\\media-service\\node_modules\\mongoose\\lib\\schemaType.js:1407:9\n    at processTicksAndRejections (node:internal/process/task_queues:78:11)","timestamp":"2025-02-04T13:39:29.881Z"}
{"level":"info","message":"post service running on port 3003","service":"media-service","timestamp":"2025-02-04T13:41:05.656Z"}
{"level":"info","message":"Connected to mongodb","service":"media-service","timestamp":"2025-02-04T13:41:07.162Z"}
{"level":"info","message":"Received POST request to /api/media/upload","service":"media-service","timestamp":"2025-02-04T13:41:12.095Z"}
{"level":"info","message":"Request body, [object Object]","service":"media-service","timestamp":"2025-02-04T13:41:12.096Z"}
{"level":"info","message":"Controller upload Media hit","service":"media-service","timestamp":"2025-02-04T13:41:12.103Z"}
{"level":"info","message":"File detail Screenshot 2024-08-24 160649.png image/png  67a0ade43039ea1648992733","service":"media-service","timestamp":"2025-02-04T13:41:12.104Z"}
{"_message":"Media validation failed","errors":{"mimetype":{"kind":"required","message":"Path `mimetype` is required.","name":"ValidatorError","path":"mimetype","properties":{"message":"Path `mimetype` is required.","path":"mimetype","type":"required"}}},"level":"error","message":"Error uploading media  Media validation failed: mimetype: Path `mimetype` is required.","service":"media-service","stack":"ValidationError: Media validation failed: mimetype: Path `mimetype` is required.\n    at model.Document.invalidate (D:\\Node js PRO ACC\\Node-Advance\\Advance\\social-media-microservice\\media-service\\node_modules\\mongoose\\lib\\document.js:3334:32)\n    at D:\\Node js PRO ACC\\Node-Advance\\Advance\\social-media-microservice\\media-service\\node_modules\\mongoose\\lib\\document.js:3095:17\n    at D:\\Node js PRO ACC\\Node-Advance\\Advance\\social-media-microservice\\media-service\\node_modules\\mongoose\\lib\\schemaType.js:1407:9\n    at processTicksAndRejections (node:internal/process/task_queues:78:11)","timestamp":"2025-02-04T13:41:14.687Z"}
{"level":"info","message":"post service running on port 3003","service":"media-service","timestamp":"2025-02-04T13:41:59.648Z"}
{"level":"info","message":"Connected to mongodb","service":"media-service","timestamp":"2025-02-04T13:42:00.793Z"}
{"level":"info","message":"Received POST request to /api/media/upload","service":"media-service","timestamp":"2025-02-04T13:42:16.093Z"}
{"level":"info","message":"Request body, [object Object]","service":"media-service","timestamp":"2025-02-04T13:42:16.094Z"}
{"level":"info","message":"Controller upload Media hit","service":"media-service","timestamp":"2025-02-04T13:42:16.103Z"}
{"level":"info","message":"File detail Screenshot 2024-08-24 160649.png image/png  67a0ade43039ea1648992733","service":"media-service","timestamp":"2025-02-04T13:42:16.103Z"}
{"level":"info","message":"Received POST request to /api/media/upload","service":"media-service","timestamp":"2025-02-04T13:43:59.050Z"}
{"level":"info","message":"Request body, [object Object]","service":"media-service","timestamp":"2025-02-04T13:43:59.050Z"}
{"level":"info","message":"Controller upload Media hit","service":"media-service","timestamp":"2025-02-04T13:43:59.054Z"}
{"level":"info","message":"File detail Screenshot 2024-08-24 160649.png image/png  67a0ade43039ea1648992733","service":"media-service","timestamp":"2025-02-04T13:43:59.055Z"}
{"level":"error","message":"Error while uploading media to cloudinary","service":"media-service","timestamp":"2025-02-04T13:44:17.843Z"}
{"http_code":499,"level":"error","message":"Request Timeout","name":"TimeoutError","service":"media-service","timestamp":"2025-02-04T13:44:17.844Z"}
{"level":"info","message":"Received POST request to /api/media/upload","service":"media-service","timestamp":"2025-02-04T18:00:36.297Z"}
{"level":"info","message":"Request body, [object Object]","service":"media-service","timestamp":"2025-02-04T18:00:36.299Z"}
{"level":"info","message":"Controller upload Media hit","service":"media-service","timestamp":"2025-02-04T18:00:36.308Z"}
{"level":"info","message":"File detail Screenshot 2024-08-24 160649.png image/png  67a0ade43039ea1648992733","service":"media-service","timestamp":"2025-02-04T18:00:36.308Z"}
{"level":"info","message":"Received POST request to /api/media/upload","service":"media-service","timestamp":"2025-02-04T18:01:10.360Z"}
{"level":"info","message":"Request body, [object Object]","service":"media-service","timestamp":"2025-02-04T18:01:10.361Z"}
{"level":"info","message":"Controller upload Media hit","service":"media-service","timestamp":"2025-02-04T18:01:10.364Z"}
{"level":"info","message":"File detail Screenshot 2024-08-24 160649.png image/png  67a0ade43039ea1648992733","service":"media-service","timestamp":"2025-02-04T18:01:10.364Z"}
{"level":"error","message":"Error while uploading media to cloudinary","service":"media-service","timestamp":"2025-02-04T18:01:41.325Z"}
{"code":"ECONNRESET","errno":-4077,"level":"error","message":"Error uploading media  write ECONNRESET","service":"media-service","stack":"Error: write ECONNRESET\n    at WriteWrap.onWriteComplete [as oncomplete] (node:internal/stream_base_commons:94:16)","syscall":"write","timestamp":"2025-02-04T18:01:41.326Z"}
{"level":"error","message":"Error while uploading media to cloudinary","service":"media-service","timestamp":"2025-02-04T18:01:53.133Z"}
{"code":"ECONNRESET","errno":-4077,"level":"error","message":"Error uploading media  write ECONNRESET","service":"media-service","stack":"Error: write ECONNRESET\n    at WriteWrap.onWriteComplete [as oncomplete] (node:internal/stream_base_commons:94:16)","syscall":"write","timestamp":"2025-02-04T18:01:53.134Z"}
{"level":"info","message":"Received POST request to /api/media/upload","service":"media-service","timestamp":"2025-02-04T18:02:07.994Z"}
{"level":"info","message":"Request body, [object Object]","service":"media-service","timestamp":"2025-02-04T18:02:07.995Z"}
{"level":"info","message":"Controller upload Media hit","service":"media-service","timestamp":"2025-02-04T18:02:07.999Z"}
{"level":"info","message":"File detail Screenshot 2024-08-24 160649.png image/png  67a0ade43039ea1648992733","service":"media-service","timestamp":"2025-02-04T18:02:08.000Z"}
